{"/home/peshang/ubw/backend/createAdmin.js": {"path":"/home/peshang/ubw/backend/createAdmin.js","statementMap":{"0":{"start":{"line":5,"column":0},"end":{"line":5,"column":35}},"1":{"start":{"line":7,"column":20},"end":{"line":82,"column":1}},"2":{"start":{"line":8,"column":2},"end":{"line":81,"column":3}},"3":{"start":{"line":10,"column":4},"end":{"line":12,"column":6}},"4":{"start":{"line":13,"column":4},"end":{"line":13,"column":40}},"5":{"start":{"line":16,"column":33},"end":{"line":18,"column":6}},"6":{"start":{"line":19,"column":36},"end":{"line":19,"column":77}},"7":{"start":{"line":21,"column":4},"end":{"line":31,"column":5}},"8":{"start":{"line":22,"column":6},"end":{"line":22,"column":76}},"9":{"start":{"line":23,"column":6},"end":{"line":23,"column":44}},"10":{"start":{"line":24,"column":6},"end":{"line":26,"column":8}},"11":{"start":{"line":27,"column":6},"end":{"line":27,"column":69}},"12":{"start":{"line":28,"column":6},"end":{"line":28,"column":60}},"13":{"start":{"line":29,"column":6},"end":{"line":29,"column":58}},"14":{"start":{"line":30,"column":6},"end":{"line":30,"column":22}},"15":{"start":{"line":33,"column":4},"end":{"line":75,"column":5}},"16":{"start":{"line":34,"column":6},"end":{"line":36,"column":8}},"17":{"start":{"line":39,"column":24},"end":{"line":46,"column":8}},"18":{"start":{"line":48,"column":6},"end":{"line":48,"column":29}},"19":{"start":{"line":49,"column":6},"end":{"line":49,"column":54}},"20":{"start":{"line":50,"column":6},"end":{"line":50,"column":46}},"21":{"start":{"line":51,"column":6},"end":{"line":51,"column":42}},"22":{"start":{"line":52,"column":6},"end":{"line":52,"column":40}},"23":{"start":{"line":53,"column":6},"end":{"line":55,"column":8}},"24":{"start":{"line":58,"column":24},"end":{"line":65,"column":8}},"25":{"start":{"line":67,"column":6},"end":{"line":67,"column":29}},"26":{"start":{"line":68,"column":6},"end":{"line":68,"column":54}},"27":{"start":{"line":69,"column":6},"end":{"line":69,"column":46}},"28":{"start":{"line":70,"column":6},"end":{"line":70,"column":37}},"29":{"start":{"line":71,"column":6},"end":{"line":71,"column":40}},"30":{"start":{"line":72,"column":6},"end":{"line":74,"column":8}},"31":{"start":{"line":77,"column":4},"end":{"line":77,"column":20}},"32":{"start":{"line":79,"column":4},"end":{"line":79,"column":55}},"33":{"start":{"line":80,"column":4},"end":{"line":80,"column":20}},"34":{"start":{"line":84,"column":0},"end":{"line":84,"column":14}}},"fnMap":{"0":{"name":"(anonymous_0)","decl":{"start":{"line":7,"column":20},"end":{"line":7,"column":21}},"loc":{"start":{"line":7,"column":32},"end":{"line":82,"column":1}},"line":7}},"branchMap":{"0":{"loc":{"start":{"line":11,"column":6},"end":{"line":11,"column":69}},"type":"binary-expr","locations":[{"start":{"line":11,"column":6},"end":{"line":11,"column":29}},{"start":{"line":11,"column":33},"end":{"line":11,"column":69}}],"line":11},"1":{"loc":{"start":{"line":21,"column":4},"end":{"line":31,"column":5}},"type":"if","locations":[{"start":{"line":21,"column":4},"end":{"line":31,"column":5}},{"start":{},"end":{}}],"line":21},"2":{"loc":{"start":{"line":33,"column":4},"end":{"line":75,"column":5}},"type":"if","locations":[{"start":{"line":33,"column":4},"end":{"line":75,"column":5}},{"start":{"line":56,"column":11},"end":{"line":75,"column":5}}],"line":33}},"s":{"0":0,"1":0,"2":0,"3":0,"4":0,"5":0,"6":0,"7":0,"8":0,"9":0,"10":0,"11":0,"12":0,"13":0,"14":0,"15":0,"16":0,"17":0,"18":0,"19":0,"20":0,"21":0,"22":0,"23":0,"24":0,"25":0,"26":0,"27":0,"28":0,"29":0,"30":0,"31":0,"32":0,"33":0,"34":0},"f":{"0":0},"b":{"0":[0,0],"1":[0,0],"2":[0,0]}}
,"/home/peshang/ubw/backend/server.js": {"path":"/home/peshang/ubw/backend/server.js","statementMap":{"0":{"start":{"line":8,"column":0},"end":{"line":8,"column":35}},"1":{"start":{"line":10,"column":12},"end":{"line":10,"column":21}},"2":{"start":{"line":13,"column":0},"end":{"line":13,"column":16}},"3":{"start":{"line":14,"column":0},"end":{"line":14,"column":24}},"4":{"start":{"line":15,"column":0},"end":{"line":15,"column":48}},"5":{"start":{"line":18,"column":0},"end":{"line":23,"column":1}},"6":{"start":{"line":19,"column":2},"end":{"line":22,"column":69}},"7":{"start":{"line":21,"column":16},"end":{"line":21,"column":51}},"8":{"start":{"line":22,"column":20},"end":{"line":22,"column":67}},"9":{"start":{"line":26,"column":0},"end":{"line":26,"column":27}},"10":{"start":{"line":27,"column":0},"end":{"line":27,"column":32}},"11":{"start":{"line":30,"column":0},"end":{"line":34,"column":1}},"12":{"start":{"line":31,"column":2},"end":{"line":33,"column":5}},"13":{"start":{"line":32,"column":4},"end":{"line":32,"column":50}}},"fnMap":{"0":{"name":"(anonymous_0)","decl":{"start":{"line":21,"column":10},"end":{"line":21,"column":11}},"loc":{"start":{"line":21,"column":16},"end":{"line":21,"column":51}},"line":21},"1":{"name":"(anonymous_1)","decl":{"start":{"line":22,"column":11},"end":{"line":22,"column":12}},"loc":{"start":{"line":22,"column":20},"end":{"line":22,"column":67}},"line":22},"2":{"name":"(anonymous_2)","decl":{"start":{"line":31,"column":19},"end":{"line":31,"column":20}},"loc":{"start":{"line":31,"column":25},"end":{"line":33,"column":3}},"line":31}},"branchMap":{"0":{"loc":{"start":{"line":18,"column":0},"end":{"line":23,"column":1}},"type":"if","locations":[{"start":{"line":18,"column":0},"end":{"line":23,"column":1}},{"start":{},"end":{}}],"line":18},"1":{"loc":{"start":{"line":20,"column":13},"end":{"line":20,"column":76}},"type":"binary-expr","locations":[{"start":{"line":20,"column":13},"end":{"line":20,"column":36}},{"start":{"line":20,"column":40},"end":{"line":20,"column":76}}],"line":20},"2":{"loc":{"start":{"line":30,"column":0},"end":{"line":34,"column":1}},"type":"if","locations":[{"start":{"line":30,"column":0},"end":{"line":34,"column":1}},{"start":{},"end":{}}],"line":30}},"s":{"0":4,"1":4,"2":4,"3":4,"4":4,"5":4,"6":0,"7":0,"8":0,"9":4,"10":4,"11":4,"12":0,"13":0},"f":{"0":0,"1":0,"2":0},"b":{"0":[0,4],"1":[0,0],"2":[0,4]},"_coverageSchema":"1a1c01bbd47fc00a2c39e90264f33305004495a9","hash":"b0550f2917fe05d830b72899bb2a5b0323e2ba00"}
,"/home/peshang/ubw/backend/controllers/blogController.js": {"path":"/home/peshang/ubw/backend/controllers/blogController.js","statementMap":{"0":{"start":{"line":4,"column":16},"end":{"line":4,"column":38}},"1":{"start":{"line":5,"column":15},"end":{"line":5,"column":43}},"2":{"start":{"line":7,"column":24},"end":{"line":47,"column":1}},"3":{"start":{"line":10,"column":4},"end":{"line":45,"column":5}},"4":{"start":{"line":17,"column":10},"end":{"line":17,"column":18}},"5":{"start":{"line":19,"column":25},"end":{"line":24,"column":14}},"6":{"start":{"line":26,"column":22},"end":{"line":34,"column":8}},"7":{"start":{"line":36,"column":6},"end":{"line":36,"column":27}},"8":{"start":{"line":37,"column":6},"end":{"line":40,"column":9}},"9":{"start":{"line":42,"column":6},"end":{"line":44,"column":72}},"10":{"start":{"line":50,"column":31},"end":{"line":59,"column":1}},"11":{"start":{"line":51,"column":18},"end":{"line":51,"column":33}},"12":{"start":{"line":54,"column":2},"end":{"line":56,"column":3}},"13":{"start":{"line":55,"column":4},"end":{"line":55,"column":73}},"14":{"start":{"line":58,"column":2},"end":{"line":58,"column":17}},"15":{"start":{"line":62,"column":27},"end":{"line":78,"column":1}},"16":{"start":{"line":63,"column":2},"end":{"line":77,"column":3}},"17":{"start":{"line":64,"column":18},"end":{"line":66,"column":30}},"18":{"start":{"line":69,"column":27},"end":{"line":69,"column":60}},"19":{"start":{"line":71,"column":4},"end":{"line":71,"column":29}},"20":{"start":{"line":73,"column":4},"end":{"line":76,"column":7}},"21":{"start":{"line":81,"column":27},"end":{"line":102,"column":1}},"22":{"start":{"line":82,"column":2},"end":{"line":101,"column":3}},"23":{"start":{"line":83,"column":17},"end":{"line":86,"column":5}},"24":{"start":{"line":88,"column":4},"end":{"line":90,"column":5}},"25":{"start":{"line":89,"column":6},"end":{"line":89,"column":65}},"26":{"start":{"line":93,"column":26},"end":{"line":93,"column":54}},"27":{"start":{"line":95,"column":4},"end":{"line":95,"column":28}},"28":{"start":{"line":97,"column":4},"end":{"line":100,"column":7}},"29":{"start":{"line":105,"column":26},"end":{"line":135,"column":1}},"30":{"start":{"line":106,"column":2},"end":{"line":134,"column":3}},"31":{"start":{"line":107,"column":17},"end":{"line":107,"column":51}},"32":{"start":{"line":109,"column":4},"end":{"line":111,"column":5}},"33":{"start":{"line":110,"column":6},"end":{"line":110,"column":65}},"34":{"start":{"line":114,"column":4},"end":{"line":119,"column":5}},"35":{"start":{"line":118,"column":6},"end":{"line":118,"column":64}},"36":{"start":{"line":121,"column":24},"end":{"line":123,"column":62}},"37":{"start":{"line":125,"column":4},"end":{"line":128,"column":7}},"38":{"start":{"line":130,"column":4},"end":{"line":133,"column":7}},"39":{"start":{"line":138,"column":26},"end":{"line":163,"column":1}},"40":{"start":{"line":139,"column":2},"end":{"line":162,"column":3}},"41":{"start":{"line":140,"column":17},"end":{"line":140,"column":51}},"42":{"start":{"line":142,"column":4},"end":{"line":144,"column":5}},"43":{"start":{"line":143,"column":6},"end":{"line":143,"column":65}},"44":{"start":{"line":147,"column":4},"end":{"line":152,"column":5}},"45":{"start":{"line":151,"column":6},"end":{"line":151,"column":64}},"46":{"start":{"line":154,"column":4},"end":{"line":154,"column":48}},"47":{"start":{"line":156,"column":4},"end":{"line":156,"column":55}},"48":{"start":{"line":158,"column":4},"end":{"line":161,"column":7}},"49":{"start":{"line":167,"column":31},"end":{"line":183,"column":1}},"50":{"start":{"line":168,"column":2},"end":{"line":182,"column":3}},"51":{"start":{"line":169,"column":25},"end":{"line":171,"column":30}},"52":{"start":{"line":174,"column":27},"end":{"line":174,"column":67}},"53":{"start":{"line":176,"column":4},"end":{"line":176,"column":29}},"54":{"start":{"line":178,"column":4},"end":{"line":181,"column":7}},"55":{"start":{"line":186,"column":27},"end":{"line":223,"column":1}},"56":{"start":{"line":187,"column":2},"end":{"line":222,"column":3}},"57":{"start":{"line":188,"column":17},"end":{"line":188,"column":51}},"58":{"start":{"line":190,"column":4},"end":{"line":192,"column":5}},"59":{"start":{"line":191,"column":6},"end":{"line":191,"column":65}},"60":{"start":{"line":194,"column":4},"end":{"line":198,"column":5}},"61":{"start":{"line":195,"column":6},"end":{"line":197,"column":9}},"62":{"start":{"line":200,"column":24},"end":{"line":211,"column":60}},"63":{"start":{"line":213,"column":4},"end":{"line":216,"column":7}},"64":{"start":{"line":218,"column":4},"end":{"line":221,"column":7}},"65":{"start":{"line":226,"column":26},"end":{"line":264,"column":1}},"66":{"start":{"line":227,"column":2},"end":{"line":263,"column":3}},"67":{"start":{"line":228,"column":23},"end":{"line":228,"column":31}},"68":{"start":{"line":229,"column":17},"end":{"line":229,"column":51}},"69":{"start":{"line":231,"column":4},"end":{"line":233,"column":5}},"70":{"start":{"line":232,"column":6},"end":{"line":232,"column":65}},"71":{"start":{"line":235,"column":4},"end":{"line":239,"column":5}},"72":{"start":{"line":236,"column":6},"end":{"line":238,"column":9}},"73":{"start":{"line":241,"column":24},"end":{"line":252,"column":60}},"74":{"start":{"line":254,"column":4},"end":{"line":257,"column":7}},"75":{"start":{"line":259,"column":4},"end":{"line":262,"column":7}},"76":{"start":{"line":267,"column":32},"end":{"line":287,"column":1}},"77":{"start":{"line":268,"column":2},"end":{"line":286,"column":3}},"78":{"start":{"line":269,"column":23},"end":{"line":269,"column":32}},"79":{"start":{"line":270,"column":19},"end":{"line":270,"column":43}},"80":{"start":{"line":272,"column":18},"end":{"line":275,"column":30}},"81":{"start":{"line":278,"column":27},"end":{"line":278,"column":60}},"82":{"start":{"line":280,"column":4},"end":{"line":280,"column":29}},"83":{"start":{"line":282,"column":4},"end":{"line":285,"column":7}},"84":{"start":{"line":290,"column":28},"end":{"line":307,"column":1}},"85":{"start":{"line":291,"column":2},"end":{"line":306,"column":3}},"86":{"start":{"line":292,"column":22},"end":{"line":295,"column":30}},"87":{"start":{"line":298,"column":27},"end":{"line":298,"column":64}},"88":{"start":{"line":300,"column":4},"end":{"line":300,"column":29}},"89":{"start":{"line":302,"column":4},"end":{"line":305,"column":7}},"90":{"start":{"line":310,"column":31},"end":{"line":334,"column":1}},"91":{"start":{"line":311,"column":2},"end":{"line":333,"column":3}},"92":{"start":{"line":312,"column":17},"end":{"line":312,"column":51}},"93":{"start":{"line":314,"column":4},"end":{"line":316,"column":5}},"94":{"start":{"line":315,"column":6},"end":{"line":315,"column":65}},"95":{"start":{"line":318,"column":4},"end":{"line":318,"column":48}},"96":{"start":{"line":320,"column":4},"end":{"line":327,"column":7}},"97":{"start":{"line":329,"column":4},"end":{"line":332,"column":7}}},"fnMap":{"0":{"name":"(anonymous_0)","decl":{"start":{"line":9,"column":2},"end":{"line":9,"column":3}},"loc":{"start":{"line":9,"column":22},"end":{"line":46,"column":3}},"line":9},"1":{"name":"(anonymous_1)","decl":{"start":{"line":50,"column":31},"end":{"line":50,"column":32}},"loc":{"start":{"line":50,"column":41},"end":{"line":59,"column":1}},"line":50},"2":{"name":"(anonymous_2)","decl":{"start":{"line":62,"column":27},"end":{"line":62,"column":28}},"loc":{"start":{"line":62,"column":47},"end":{"line":78,"column":1}},"line":62},"3":{"name":"(anonymous_3)","decl":{"start":{"line":81,"column":27},"end":{"line":81,"column":28}},"loc":{"start":{"line":81,"column":47},"end":{"line":102,"column":1}},"line":81},"4":{"name":"(anonymous_4)","decl":{"start":{"line":105,"column":26},"end":{"line":105,"column":27}},"loc":{"start":{"line":105,"column":46},"end":{"line":135,"column":1}},"line":105},"5":{"name":"(anonymous_5)","decl":{"start":{"line":138,"column":26},"end":{"line":138,"column":27}},"loc":{"start":{"line":138,"column":46},"end":{"line":163,"column":1}},"line":138},"6":{"name":"(anonymous_6)","decl":{"start":{"line":167,"column":31},"end":{"line":167,"column":32}},"loc":{"start":{"line":167,"column":51},"end":{"line":183,"column":1}},"line":167},"7":{"name":"(anonymous_7)","decl":{"start":{"line":186,"column":27},"end":{"line":186,"column":28}},"loc":{"start":{"line":186,"column":47},"end":{"line":223,"column":1}},"line":186},"8":{"name":"(anonymous_8)","decl":{"start":{"line":226,"column":26},"end":{"line":226,"column":27}},"loc":{"start":{"line":226,"column":46},"end":{"line":264,"column":1}},"line":226},"9":{"name":"(anonymous_9)","decl":{"start":{"line":267,"column":32},"end":{"line":267,"column":33}},"loc":{"start":{"line":267,"column":52},"end":{"line":287,"column":1}},"line":267},"10":{"name":"(anonymous_10)","decl":{"start":{"line":290,"column":28},"end":{"line":290,"column":29}},"loc":{"start":{"line":290,"column":48},"end":{"line":307,"column":1}},"line":290},"11":{"name":"(anonymous_11)","decl":{"start":{"line":310,"column":31},"end":{"line":310,"column":32}},"loc":{"start":{"line":310,"column":51},"end":{"line":334,"column":1}},"line":310}},"branchMap":{"0":{"loc":{"start":{"line":19,"column":25},"end":{"line":24,"column":14}},"type":"cond-expr","locations":[{"start":{"line":20,"column":10},"end":{"line":23,"column":11}},{"start":{"line":24,"column":10},"end":{"line":24,"column":14}}],"line":19},"1":{"loc":{"start":{"line":54,"column":2},"end":{"line":56,"column":3}},"type":"if","locations":[{"start":{"line":54,"column":2},"end":{"line":56,"column":3}},{"start":{},"end":{}}],"line":54},"2":{"loc":{"start":{"line":54,"column":6},"end":{"line":54,"column":51}},"type":"binary-expr","locations":[{"start":{"line":54,"column":6},"end":{"line":54,"column":24}},{"start":{"line":54,"column":28},"end":{"line":54,"column":51}}],"line":54},"3":{"loc":{"start":{"line":88,"column":4},"end":{"line":90,"column":5}},"type":"if","locations":[{"start":{"line":88,"column":4},"end":{"line":90,"column":5}},{"start":{},"end":{}}],"line":88},"4":{"loc":{"start":{"line":109,"column":4},"end":{"line":111,"column":5}},"type":"if","locations":[{"start":{"line":109,"column":4},"end":{"line":111,"column":5}},{"start":{},"end":{}}],"line":109},"5":{"loc":{"start":{"line":114,"column":4},"end":{"line":119,"column":5}},"type":"if","locations":[{"start":{"line":114,"column":4},"end":{"line":119,"column":5}},{"start":{},"end":{}}],"line":114},"6":{"loc":{"start":{"line":115,"column":6},"end":{"line":116,"column":31}},"type":"binary-expr","locations":[{"start":{"line":115,"column":6},"end":{"line":115,"column":56}},{"start":{"line":116,"column":6},"end":{"line":116,"column":31}}],"line":115},"7":{"loc":{"start":{"line":142,"column":4},"end":{"line":144,"column":5}},"type":"if","locations":[{"start":{"line":142,"column":4},"end":{"line":144,"column":5}},{"start":{},"end":{}}],"line":142},"8":{"loc":{"start":{"line":147,"column":4},"end":{"line":152,"column":5}},"type":"if","locations":[{"start":{"line":147,"column":4},"end":{"line":152,"column":5}},{"start":{},"end":{}}],"line":147},"9":{"loc":{"start":{"line":148,"column":6},"end":{"line":149,"column":31}},"type":"binary-expr","locations":[{"start":{"line":148,"column":6},"end":{"line":148,"column":56}},{"start":{"line":149,"column":6},"end":{"line":149,"column":31}}],"line":148},"10":{"loc":{"start":{"line":190,"column":4},"end":{"line":192,"column":5}},"type":"if","locations":[{"start":{"line":190,"column":4},"end":{"line":192,"column":5}},{"start":{},"end":{}}],"line":190},"11":{"loc":{"start":{"line":194,"column":4},"end":{"line":198,"column":5}},"type":"if","locations":[{"start":{"line":194,"column":4},"end":{"line":198,"column":5}},{"start":{},"end":{}}],"line":194},"12":{"loc":{"start":{"line":231,"column":4},"end":{"line":233,"column":5}},"type":"if","locations":[{"start":{"line":231,"column":4},"end":{"line":233,"column":5}},{"start":{},"end":{}}],"line":231},"13":{"loc":{"start":{"line":235,"column":4},"end":{"line":239,"column":5}},"type":"if","locations":[{"start":{"line":235,"column":4},"end":{"line":239,"column":5}},{"start":{},"end":{}}],"line":235},"14":{"loc":{"start":{"line":247,"column":25},"end":{"line":247,"column":55}},"type":"binary-expr","locations":[{"start":{"line":247,"column":25},"end":{"line":247,"column":31}},{"start":{"line":247,"column":35},"end":{"line":247,"column":55}}],"line":247},"15":{"loc":{"start":{"line":270,"column":19},"end":{"line":270,"column":43}},"type":"cond-expr","locations":[{"start":{"line":270,"column":28},"end":{"line":270,"column":38}},{"start":{"line":270,"column":41},"end":{"line":270,"column":43}}],"line":270},"16":{"loc":{"start":{"line":314,"column":4},"end":{"line":316,"column":5}},"type":"if","locations":[{"start":{"line":314,"column":4},"end":{"line":316,"column":5}},{"start":{},"end":{}}],"line":314}},"s":{"0":4,"1":4,"2":4,"3":2,"4":2,"5":2,"6":2,"7":2,"8":1,"9":1,"10":4,"11":15,"12":15,"13":0,"14":15,"15":4,"16":2,"17":2,"18":2,"19":2,"20":0,"21":4,"22":2,"23":2,"24":2,"25":1,"26":1,"27":1,"28":0,"29":4,"30":2,"31":2,"32":2,"33":0,"34":2,"35":1,"36":1,"37":1,"38":0,"39":4,"40":2,"41":2,"42":2,"43":0,"44":2,"45":1,"46":1,"47":1,"48":0,"49":4,"50":6,"51":6,"52":6,"53":6,"54":0,"55":4,"56":8,"57":8,"58":8,"59":1,"60":7,"61":1,"62":6,"63":6,"64":0,"65":4,"66":5,"67":5,"68":5,"69":5,"70":0,"71":5,"72":1,"73":4,"74":4,"75":0,"76":4,"77":9,"78":9,"79":9,"80":9,"81":9,"82":9,"83":0,"84":4,"85":0,"86":0,"87":0,"88":0,"89":0,"90":4,"91":4,"92":4,"93":4,"94":1,"95":3,"96":3,"97":0},"f":{"0":2,"1":15,"2":2,"3":2,"4":2,"5":2,"6":6,"7":8,"8":5,"9":9,"10":0,"11":4},"b":{"0":[0,2],"1":[0,15],"2":[15,0],"3":[1,1],"4":[0,2],"5":[1,1],"6":[2,1],"7":[0,2],"8":[1,1],"9":[2,1],"10":[1,7],"11":[1,6],"12":[0,5],"13":[1,4],"14":[4,1],"15":[3,6],"16":[1,3]},"_coverageSchema":"1a1c01bbd47fc00a2c39e90264f33305004495a9","hash":"b66b4b330f58f555dac71450f6a6ee5b94c9da7c"}
,"/home/peshang/ubw/backend/controllers/userController.js": {"path":"/home/peshang/ubw/backend/controllers/userController.js","statementMap":{"0":{"start":{"line":5,"column":22},"end":{"line":9,"column":1}},"1":{"start":{"line":6,"column":2},"end":{"line":8,"column":5}},"2":{"start":{"line":12,"column":28},"end":{"line":61,"column":1}},"3":{"start":{"line":13,"column":2},"end":{"line":60,"column":3}},"4":{"start":{"line":14,"column":69},"end":{"line":14,"column":77}},"5":{"start":{"line":17,"column":25},"end":{"line":19,"column":6}},"6":{"start":{"line":21,"column":4},"end":{"line":25,"column":5}},"7":{"start":{"line":22,"column":6},"end":{"line":24,"column":9}},"8":{"start":{"line":28,"column":17},"end":{"line":35,"column":6}},"9":{"start":{"line":37,"column":4},"end":{"line":37,"column":22}},"10":{"start":{"line":40,"column":18},"end":{"line":40,"column":41}},"11":{"start":{"line":42,"column":4},"end":{"line":54,"column":7}},"12":{"start":{"line":56,"column":4},"end":{"line":59,"column":7}},"13":{"start":{"line":64,"column":25},"end":{"line":102,"column":1}},"14":{"start":{"line":65,"column":2},"end":{"line":101,"column":3}},"15":{"start":{"line":66,"column":32},"end":{"line":66,"column":40}},"16":{"start":{"line":69,"column":17},"end":{"line":69,"column":46}},"17":{"start":{"line":70,"column":4},"end":{"line":72,"column":5}},"18":{"start":{"line":71,"column":6},"end":{"line":71,"column":70}},"19":{"start":{"line":75,"column":28},"end":{"line":75,"column":64}},"20":{"start":{"line":76,"column":4},"end":{"line":78,"column":5}},"21":{"start":{"line":77,"column":6},"end":{"line":77,"column":70}},"22":{"start":{"line":81,"column":18},"end":{"line":81,"column":41}},"23":{"start":{"line":83,"column":4},"end":{"line":95,"column":7}},"24":{"start":{"line":97,"column":4},"end":{"line":100,"column":7}},"25":{"start":{"line":105,"column":27},"end":{"line":115,"column":1}},"26":{"start":{"line":106,"column":2},"end":{"line":114,"column":3}},"27":{"start":{"line":107,"column":18},"end":{"line":107,"column":50}},"28":{"start":{"line":108,"column":4},"end":{"line":108,"column":20}},"29":{"start":{"line":110,"column":4},"end":{"line":113,"column":7}},"30":{"start":{"line":118,"column":30},"end":{"line":128,"column":1}},"31":{"start":{"line":119,"column":2},"end":{"line":127,"column":3}},"32":{"start":{"line":121,"column":4},"end":{"line":121,"column":23}},"33":{"start":{"line":123,"column":4},"end":{"line":126,"column":7}},"34":{"start":{"line":131,"column":30},"end":{"line":160,"column":1}},"35":{"start":{"line":132,"column":2},"end":{"line":159,"column":3}},"36":{"start":{"line":133,"column":23},"end":{"line":133,"column":33}},"37":{"start":{"line":134,"column":21},"end":{"line":134,"column":29}},"38":{"start":{"line":136,"column":4},"end":{"line":138,"column":5}},"39":{"start":{"line":137,"column":6},"end":{"line":137,"column":63}},"40":{"start":{"line":140,"column":17},"end":{"line":144,"column":5}},"41":{"start":{"line":146,"column":4},"end":{"line":148,"column":5}},"42":{"start":{"line":147,"column":6},"end":{"line":147,"column":65}},"43":{"start":{"line":150,"column":4},"end":{"line":153,"column":7}},"44":{"start":{"line":155,"column":4},"end":{"line":158,"column":7}}},"fnMap":{"0":{"name":"(anonymous_0)","decl":{"start":{"line":5,"column":22},"end":{"line":5,"column":23}},"loc":{"start":{"line":5,"column":34},"end":{"line":9,"column":1}},"line":5},"1":{"name":"(anonymous_1)","decl":{"start":{"line":12,"column":28},"end":{"line":12,"column":29}},"loc":{"start":{"line":12,"column":48},"end":{"line":61,"column":1}},"line":12},"2":{"name":"(anonymous_2)","decl":{"start":{"line":64,"column":25},"end":{"line":64,"column":26}},"loc":{"start":{"line":64,"column":45},"end":{"line":102,"column":1}},"line":64},"3":{"name":"(anonymous_3)","decl":{"start":{"line":105,"column":27},"end":{"line":105,"column":28}},"loc":{"start":{"line":105,"column":47},"end":{"line":115,"column":1}},"line":105},"4":{"name":"(anonymous_4)","decl":{"start":{"line":118,"column":30},"end":{"line":118,"column":31}},"loc":{"start":{"line":118,"column":50},"end":{"line":128,"column":1}},"line":118},"5":{"name":"(anonymous_5)","decl":{"start":{"line":131,"column":30},"end":{"line":131,"column":31}},"loc":{"start":{"line":131,"column":50},"end":{"line":160,"column":1}},"line":131}},"branchMap":{"0":{"loc":{"start":{"line":6,"column":30},"end":{"line":6,"column":73}},"type":"binary-expr","locations":[{"start":{"line":6,"column":30},"end":{"line":6,"column":52}},{"start":{"line":6,"column":56},"end":{"line":6,"column":73}}],"line":6},"1":{"loc":{"start":{"line":21,"column":4},"end":{"line":25,"column":5}},"type":"if","locations":[{"start":{"line":21,"column":4},"end":{"line":25,"column":5}},{"start":{},"end":{}}],"line":21},"2":{"loc":{"start":{"line":34,"column":12},"end":{"line":34,"column":26}},"type":"binary-expr","locations":[{"start":{"line":34,"column":12},"end":{"line":34,"column":16}},{"start":{"line":34,"column":20},"end":{"line":34,"column":26}}],"line":34},"3":{"loc":{"start":{"line":70,"column":4},"end":{"line":72,"column":5}},"type":"if","locations":[{"start":{"line":70,"column":4},"end":{"line":72,"column":5}},{"start":{},"end":{}}],"line":70},"4":{"loc":{"start":{"line":76,"column":4},"end":{"line":78,"column":5}},"type":"if","locations":[{"start":{"line":76,"column":4},"end":{"line":78,"column":5}},{"start":{},"end":{}}],"line":76},"5":{"loc":{"start":{"line":136,"column":4},"end":{"line":138,"column":5}},"type":"if","locations":[{"start":{"line":136,"column":4},"end":{"line":138,"column":5}},{"start":{},"end":{}}],"line":136},"6":{"loc":{"start":{"line":146,"column":4},"end":{"line":148,"column":5}},"type":"if","locations":[{"start":{"line":146,"column":4},"end":{"line":148,"column":5}},{"start":{},"end":{}}],"line":146}},"s":{"0":5,"1":6,"2":5,"3":7,"4":7,"5":7,"6":7,"7":3,"8":4,"9":4,"10":2,"11":2,"12":2,"13":5,"14":11,"15":11,"16":11,"17":10,"18":3,"19":7,"20":7,"21":3,"22":4,"23":4,"24":1,"25":5,"26":3,"27":3,"28":3,"29":0,"30":5,"31":5,"32":5,"33":0,"34":5,"35":0,"36":0,"37":0,"38":0,"39":0,"40":0,"41":0,"42":0,"43":0,"44":0},"f":{"0":6,"1":7,"2":11,"3":3,"4":5,"5":0},"b":{"0":[6,0],"1":[3,4],"2":[4,4],"3":[3,7],"4":[3,4],"5":[0,0],"6":[0,0]},"_coverageSchema":"1a1c01bbd47fc00a2c39e90264f33305004495a9","hash":"dad15633608a75de00d15f2fc96d23d9df3e1297"}
,"/home/peshang/ubw/backend/middleware/auth.js": {"path":"/home/peshang/ubw/backend/middleware/auth.js","statementMap":{"0":{"start":{"line":5,"column":33},"end":{"line":29,"column":1}},"1":{"start":{"line":6,"column":2},"end":{"line":28,"column":3}},"2":{"start":{"line":7,"column":23},"end":{"line":7,"column":48}},"3":{"start":{"line":8,"column":18},"end":{"line":8,"column":56}},"4":{"start":{"line":10,"column":4},"end":{"line":12,"column":5}},"5":{"start":{"line":11,"column":6},"end":{"line":11,"column":72}},"6":{"start":{"line":14,"column":20},"end":{"line":17,"column":5}},"7":{"start":{"line":18,"column":17},"end":{"line":18,"column":65}},"8":{"start":{"line":20,"column":4},"end":{"line":22,"column":5}},"9":{"start":{"line":21,"column":6},"end":{"line":21,"column":64}},"10":{"start":{"line":24,"column":4},"end":{"line":24,"column":20}},"11":{"start":{"line":25,"column":4},"end":{"line":25,"column":11}},"12":{"start":{"line":27,"column":4},"end":{"line":27,"column":73}},"13":{"start":{"line":32,"column":28},"end":{"line":37,"column":1}},"14":{"start":{"line":33,"column":2},"end":{"line":35,"column":3}},"15":{"start":{"line":34,"column":4},"end":{"line":34,"column":70}},"16":{"start":{"line":36,"column":2},"end":{"line":36,"column":9}},"17":{"start":{"line":40,"column":34},"end":{"line":48,"column":1}},"18":{"start":{"line":41,"column":23},"end":{"line":41,"column":57}},"19":{"start":{"line":43,"column":2},"end":{"line":47,"column":3}},"20":{"start":{"line":44,"column":4},"end":{"line":44,"column":11}},"21":{"start":{"line":46,"column":4},"end":{"line":46,"column":62}}},"fnMap":{"0":{"name":"(anonymous_0)","decl":{"start":{"line":5,"column":33},"end":{"line":5,"column":34}},"loc":{"start":{"line":5,"column":59},"end":{"line":29,"column":1}},"line":5},"1":{"name":"(anonymous_1)","decl":{"start":{"line":32,"column":28},"end":{"line":32,"column":29}},"loc":{"start":{"line":32,"column":48},"end":{"line":37,"column":1}},"line":32},"2":{"name":"(anonymous_2)","decl":{"start":{"line":40,"column":34},"end":{"line":40,"column":35}},"loc":{"start":{"line":40,"column":54},"end":{"line":48,"column":1}},"line":40}},"branchMap":{"0":{"loc":{"start":{"line":8,"column":18},"end":{"line":8,"column":56}},"type":"binary-expr","locations":[{"start":{"line":8,"column":18},"end":{"line":8,"column":28}},{"start":{"line":8,"column":32},"end":{"line":8,"column":56}}],"line":8},"1":{"loc":{"start":{"line":10,"column":4},"end":{"line":12,"column":5}},"type":"if","locations":[{"start":{"line":10,"column":4},"end":{"line":12,"column":5}},{"start":{},"end":{}}],"line":10},"2":{"loc":{"start":{"line":16,"column":6},"end":{"line":16,"column":49}},"type":"binary-expr","locations":[{"start":{"line":16,"column":6},"end":{"line":16,"column":28}},{"start":{"line":16,"column":32},"end":{"line":16,"column":49}}],"line":16},"3":{"loc":{"start":{"line":20,"column":4},"end":{"line":22,"column":5}},"type":"if","locations":[{"start":{"line":20,"column":4},"end":{"line":22,"column":5}},{"start":{},"end":{}}],"line":20},"4":{"loc":{"start":{"line":33,"column":2},"end":{"line":35,"column":3}},"type":"if","locations":[{"start":{"line":33,"column":2},"end":{"line":35,"column":3}},{"start":{},"end":{}}],"line":33},"5":{"loc":{"start":{"line":41,"column":23},"end":{"line":41,"column":57}},"type":"binary-expr","locations":[{"start":{"line":41,"column":23},"end":{"line":41,"column":40}},{"start":{"line":41,"column":44},"end":{"line":41,"column":57}}],"line":41},"6":{"loc":{"start":{"line":43,"column":2},"end":{"line":47,"column":3}},"type":"if","locations":[{"start":{"line":43,"column":2},"end":{"line":47,"column":3}},{"start":{"line":45,"column":9},"end":{"line":47,"column":3}}],"line":43},"7":{"loc":{"start":{"line":43,"column":6},"end":{"line":43,"column":75}},"type":"binary-expr","locations":[{"start":{"line":43,"column":6},"end":{"line":43,"column":31}},{"start":{"line":43,"column":35},"end":{"line":43,"column":75}}],"line":43}},"s":{"0":4,"1":59,"2":59,"3":59,"4":59,"5":5,"6":54,"7":52,"8":52,"9":0,"10":52,"11":52,"12":2,"13":4,"14":43,"15":8,"16":35,"17":4,"18":0,"19":0,"20":0,"21":0},"f":{"0":59,"1":43,"2":0},"b":{"0":[59,54],"1":[5,54],"2":[54,0],"3":[0,52],"4":[8,35],"5":[0,0],"6":[0,0],"7":[0,0]},"_coverageSchema":"1a1c01bbd47fc00a2c39e90264f33305004495a9","hash":"0851ae41da7c602d15ccf9f98afa62e10803c780"}
,"/home/peshang/ubw/backend/model/blog.js": {"path":"/home/peshang/ubw/backend/model/blog.js","statementMap":{"0":{"start":{"line":3,"column":19},"end":{"line":50,"column":2}},"1":{"start":{"line":52,"column":13},"end":{"line":52,"column":47}}},"fnMap":{},"branchMap":{},"s":{"0":4,"1":4},"f":{},"b":{},"_coverageSchema":"1a1c01bbd47fc00a2c39e90264f33305004495a9","hash":"9e4061a7865e8f4bfdf32b334010cf27713264e7"}
,"/home/peshang/ubw/backend/model/user.js": {"path":"/home/peshang/ubw/backend/model/user.js","statementMap":{"0":{"start":{"line":4,"column":19},"end":{"line":46,"column":2}},"1":{"start":{"line":49,"column":0},"end":{"line":51,"column":3}},"2":{"start":{"line":50,"column":2},"end":{"line":50,"column":46}},"3":{"start":{"line":54,"column":0},"end":{"line":54,"column":45}},"4":{"start":{"line":55,"column":0},"end":{"line":55,"column":47}},"5":{"start":{"line":58,"column":0},"end":{"line":68,"column":3}},"6":{"start":{"line":59,"column":2},"end":{"line":59,"column":50}},"7":{"start":{"line":59,"column":36},"end":{"line":59,"column":50}},"8":{"start":{"line":61,"column":2},"end":{"line":67,"column":3}},"9":{"start":{"line":62,"column":17},"end":{"line":62,"column":41}},"10":{"start":{"line":63,"column":4},"end":{"line":63,"column":59}},"11":{"start":{"line":64,"column":4},"end":{"line":64,"column":11}},"12":{"start":{"line":66,"column":4},"end":{"line":66,"column":16}},"13":{"start":{"line":71,"column":0},"end":{"line":73,"column":2}},"14":{"start":{"line":72,"column":2},"end":{"line":72,"column":58}},"15":{"start":{"line":75,"column":13},"end":{"line":75,"column":47}}},"fnMap":{"0":{"name":"(anonymous_0)","decl":{"start":{"line":49,"column":35},"end":{"line":49,"column":36}},"loc":{"start":{"line":49,"column":47},"end":{"line":51,"column":1}},"line":49},"1":{"name":"(anonymous_1)","decl":{"start":{"line":58,"column":23},"end":{"line":58,"column":24}},"loc":{"start":{"line":58,"column":45},"end":{"line":68,"column":1}},"line":58},"2":{"name":"(anonymous_2)","decl":{"start":{"line":71,"column":37},"end":{"line":71,"column":38}},"loc":{"start":{"line":71,"column":72},"end":{"line":73,"column":1}},"line":71}},"branchMap":{"0":{"loc":{"start":{"line":59,"column":2},"end":{"line":59,"column":50}},"type":"if","locations":[{"start":{"line":59,"column":2},"end":{"line":59,"column":50}},{"start":{},"end":{}}],"line":59}},"s":{"0":6,"1":6,"2":52,"3":6,"4":6,"5":6,"6":139,"7":0,"8":139,"9":139,"10":139,"11":139,"12":0,"13":6,"14":7,"15":6},"f":{"0":52,"1":139,"2":7},"b":{"0":[0,139]},"_coverageSchema":"1a1c01bbd47fc00a2c39e90264f33305004495a9","hash":"5eb26be3526c5afb6e4328a637f80189f3600b9e"}
,"/home/peshang/ubw/backend/routes/homeRoute.js": {"path":"/home/peshang/ubw/backend/routes/homeRoute.js","statementMap":{"0":{"start":{"line":17,"column":15},"end":{"line":17,"column":31}},"1":{"start":{"line":20,"column":0},"end":{"line":20,"column":34}},"2":{"start":{"line":21,"column":0},"end":{"line":21,"column":38}},"3":{"start":{"line":24,"column":0},"end":{"line":24,"column":55}},"4":{"start":{"line":25,"column":0},"end":{"line":25,"column":56}},"5":{"start":{"line":26,"column":0},"end":{"line":26,"column":59}},"6":{"start":{"line":27,"column":0},"end":{"line":27,"column":59}},"7":{"start":{"line":30,"column":0},"end":{"line":35,"column":2}},"8":{"start":{"line":36,"column":0},"end":{"line":36,"column":78}},"9":{"start":{"line":37,"column":0},"end":{"line":42,"column":2}},"10":{"start":{"line":43,"column":0},"end":{"line":48,"column":2}},"11":{"start":{"line":49,"column":0},"end":{"line":54,"column":2}}},"fnMap":{},"branchMap":{},"s":{"0":4,"1":4,"2":4,"3":4,"4":4,"5":4,"6":4,"7":4,"8":4,"9":4,"10":4,"11":4},"f":{},"b":{},"_coverageSchema":"1a1c01bbd47fc00a2c39e90264f33305004495a9","hash":"f07dfb6f71f33e4d5d16743081900a247bc9160f"}
,"/home/peshang/ubw/backend/routes/userRoute.js": {"path":"/home/peshang/ubw/backend/routes/userRoute.js","statementMap":{"0":{"start":{"line":15,"column":15},"end":{"line":15,"column":31}},"1":{"start":{"line":18,"column":0},"end":{"line":18,"column":39}},"2":{"start":{"line":19,"column":0},"end":{"line":19,"column":33}},"3":{"start":{"line":22,"column":0},"end":{"line":22,"column":58}},"4":{"start":{"line":25,"column":0},"end":{"line":25,"column":67}},"5":{"start":{"line":26,"column":0},"end":{"line":31,"column":2}}},"fnMap":{},"branchMap":{},"s":{"0":4,"1":4,"2":4,"3":4,"4":4,"5":4},"f":{},"b":{},"_coverageSchema":"1a1c01bbd47fc00a2c39e90264f33305004495a9","hash":"924096bee8b2cdb255cf4b447ba7bb5052be2e93"}
}
