TN:
SF:backend/createAdmin.js
FN:7,(anonymous_0)
FNF:1
FNH:0
FNDA:0,(anonymous_0)
DA:5,0
DA:7,0
DA:8,0
DA:10,0
DA:13,0
DA:16,0
DA:19,0
DA:21,0
DA:22,0
DA:23,0
DA:24,0
DA:27,0
DA:28,0
DA:29,0
DA:30,0
DA:33,0
DA:34,0
DA:39,0
DA:48,0
DA:49,0
DA:50,0
DA:51,0
DA:52,0
DA:53,0
DA:58,0
DA:67,0
DA:68,0
DA:69,0
DA:70,0
DA:71,0
DA:72,0
DA:77,0
DA:79,0
DA:80,0
DA:84,0
LF:35
LH:0
BRDA:11,0,0,0
BRDA:11,0,1,0
BRDA:21,1,0,0
BRDA:21,1,1,0
BRDA:33,2,0,0
BRDA:33,2,1,0
BRF:6
BRH:0
end_of_record
TN:
SF:backend/server.js
FN:21,(anonymous_0)
FN:22,(anonymous_1)
FN:31,(anonymous_2)
FNF:3
FNH:0
FNDA:0,(anonymous_0)
FNDA:0,(anonymous_1)
FNDA:0,(anonymous_2)
DA:8,4
DA:10,4
DA:13,4
DA:14,4
DA:15,4
DA:18,4
DA:19,0
DA:21,0
DA:22,0
DA:26,4
DA:27,4
DA:30,4
DA:31,0
DA:32,0
LF:14
LH:9
BRDA:18,0,0,0
BRDA:18,0,1,4
BRDA:20,1,0,0
BRDA:20,1,1,0
BRDA:30,2,0,0
BRDA:30,2,1,4
BRF:6
BRH:2
end_of_record
TN:
SF:backend/controllers/blogController.js
FN:9,(anonymous_0)
FN:50,(anonymous_1)
FN:62,(anonymous_2)
FN:81,(anonymous_3)
FN:105,(anonymous_4)
FN:138,(anonymous_5)
FN:167,(anonymous_6)
FN:186,(anonymous_7)
FN:226,(anonymous_8)
FN:267,(anonymous_9)
FN:290,(anonymous_10)
FN:310,(anonymous_11)
FNF:12
FNH:11
FNDA:2,(anonymous_0)
FNDA:15,(anonymous_1)
FNDA:2,(anonymous_2)
FNDA:2,(anonymous_3)
FNDA:2,(anonymous_4)
FNDA:2,(anonymous_5)
FNDA:6,(anonymous_6)
FNDA:8,(anonymous_7)
FNDA:5,(anonymous_8)
FNDA:9,(anonymous_9)
FNDA:0,(anonymous_10)
FNDA:4,(anonymous_11)
DA:4,4
DA:5,4
DA:7,4
DA:10,2
DA:17,2
DA:19,2
DA:26,2
DA:36,2
DA:37,1
DA:42,1
DA:50,4
DA:51,15
DA:54,15
DA:55,0
DA:58,15
DA:62,4
DA:63,2
DA:64,2
DA:69,2
DA:71,2
DA:73,0
DA:81,4
DA:82,2
DA:83,2
DA:88,2
DA:89,1
DA:93,1
DA:95,1
DA:97,0
DA:105,4
DA:106,2
DA:107,2
DA:109,2
DA:110,0
DA:114,2
DA:118,1
DA:121,1
DA:125,1
DA:130,0
DA:138,4
DA:139,2
DA:140,2
DA:142,2
DA:143,0
DA:147,2
DA:151,1
DA:154,1
DA:156,1
DA:158,0
DA:167,4
DA:168,6
DA:169,6
DA:174,6
DA:176,6
DA:178,0
DA:186,4
DA:187,8
DA:188,8
DA:190,8
DA:191,1
DA:194,7
DA:195,1
DA:200,6
DA:213,6
DA:218,0
DA:226,4
DA:227,5
DA:228,5
DA:229,5
DA:231,5
DA:232,0
DA:235,5
DA:236,1
DA:241,4
DA:254,4
DA:259,0
DA:267,4
DA:268,9
DA:269,9
DA:270,9
DA:272,9
DA:278,9
DA:280,9
DA:282,0
DA:290,4
DA:291,0
DA:292,0
DA:298,0
DA:300,0
DA:302,0
DA:310,4
DA:311,4
DA:312,4
DA:314,4
DA:315,1
DA:318,3
DA:320,3
DA:329,0
LF:98
LH:80
BRDA:19,0,0,0
BRDA:19,0,1,2
BRDA:54,1,0,0
BRDA:54,1,1,15
BRDA:54,2,0,15
BRDA:54,2,1,0
BRDA:88,3,0,1
BRDA:88,3,1,1
BRDA:109,4,0,0
BRDA:109,4,1,2
BRDA:114,5,0,1
BRDA:114,5,1,1
BRDA:115,6,0,2
BRDA:115,6,1,1
BRDA:142,7,0,0
BRDA:142,7,1,2
BRDA:147,8,0,1
BRDA:147,8,1,1
BRDA:148,9,0,2
BRDA:148,9,1,1
BRDA:190,10,0,1
BRDA:190,10,1,7
BRDA:194,11,0,1
BRDA:194,11,1,6
BRDA:231,12,0,0
BRDA:231,12,1,5
BRDA:235,13,0,1
BRDA:235,13,1,4
BRDA:247,14,0,4
BRDA:247,14,1,1
BRDA:270,15,0,3
BRDA:270,15,1,6
BRDA:314,16,0,1
BRDA:314,16,1,3
BRF:34
BRH:28
end_of_record
TN:
SF:backend/controllers/userController.js
FN:5,(anonymous_0)
FN:12,(anonymous_1)
FN:64,(anonymous_2)
FN:105,(anonymous_3)
FN:118,(anonymous_4)
FN:131,(anonymous_5)
FNF:6
FNH:5
FNDA:6,(anonymous_0)
FNDA:7,(anonymous_1)
FNDA:11,(anonymous_2)
FNDA:3,(anonymous_3)
FNDA:5,(anonymous_4)
FNDA:0,(anonymous_5)
DA:5,5
DA:6,6
DA:12,5
DA:13,7
DA:14,7
DA:17,7
DA:21,7
DA:22,3
DA:28,4
DA:37,4
DA:40,2
DA:42,2
DA:56,2
DA:64,5
DA:65,11
DA:66,11
DA:69,11
DA:70,10
DA:71,3
DA:75,7
DA:76,7
DA:77,3
DA:81,4
DA:83,4
DA:97,1
DA:105,5
DA:106,3
DA:107,3
DA:108,3
DA:110,0
DA:118,5
DA:119,5
DA:121,5
DA:123,0
DA:131,5
DA:132,0
DA:133,0
DA:134,0
DA:136,0
DA:137,0
DA:140,0
DA:146,0
DA:147,0
DA:150,0
DA:155,0
LF:45
LH:33
BRDA:6,0,0,6
BRDA:6,0,1,0
BRDA:21,1,0,3
BRDA:21,1,1,4
BRDA:34,2,0,4
BRDA:34,2,1,4
BRDA:70,3,0,3
BRDA:70,3,1,7
BRDA:76,4,0,3
BRDA:76,4,1,4
BRDA:136,5,0,0
BRDA:136,5,1,0
BRDA:146,6,0,0
BRDA:146,6,1,0
BRF:14
BRH:9
end_of_record
TN:
SF:backend/middleware/auth.js
FN:5,(anonymous_0)
FN:32,(anonymous_1)
FN:40,(anonymous_2)
FNF:3
FNH:2
FNDA:59,(anonymous_0)
FNDA:43,(anonymous_1)
FNDA:0,(anonymous_2)
DA:5,4
DA:6,59
DA:7,59
DA:8,59
DA:10,59
DA:11,5
DA:14,54
DA:18,52
DA:20,52
DA:21,0
DA:24,52
DA:25,52
DA:27,2
DA:32,4
DA:33,43
DA:34,8
DA:36,35
DA:40,4
DA:41,0
DA:43,0
DA:44,0
DA:46,0
LF:22
LH:17
BRDA:8,0,0,59
BRDA:8,0,1,54
BRDA:10,1,0,5
BRDA:10,1,1,54
BRDA:16,2,0,54
BRDA:16,2,1,0
BRDA:20,3,0,0
BRDA:20,3,1,52
BRDA:33,4,0,8
BRDA:33,4,1,35
BRDA:41,5,0,0
BRDA:41,5,1,0
BRDA:43,6,0,0
BRDA:43,6,1,0
BRDA:43,7,0,0
BRDA:43,7,1,0
BRF:16
BRH:8
end_of_record
TN:
SF:backend/model/blog.js
FNF:0
FNH:0
DA:3,4
DA:52,4
LF:2
LH:2
BRF:0
BRH:0
end_of_record
TN:
SF:backend/model/user.js
FN:49,(anonymous_0)
FN:58,(anonymous_1)
FN:71,(anonymous_2)
FNF:3
FNH:3
FNDA:52,(anonymous_0)
FNDA:139,(anonymous_1)
FNDA:7,(anonymous_2)
DA:4,6
DA:49,6
DA:50,52
DA:54,6
DA:55,6
DA:58,6
DA:59,139
DA:61,139
DA:62,139
DA:63,139
DA:64,139
DA:66,0
DA:71,6
DA:72,7
DA:75,6
LF:15
LH:14
BRDA:59,0,0,0
BRDA:59,0,1,139
BRF:2
BRH:1
end_of_record
TN:
SF:backend/routes/homeRoute.js
FNF:0
FNH:0
DA:17,4
DA:20,4
DA:21,4
DA:24,4
DA:25,4
DA:26,4
DA:27,4
DA:30,4
DA:36,4
DA:37,4
DA:43,4
DA:49,4
LF:12
LH:12
BRF:0
BRH:0
end_of_record
TN:
SF:backend/routes/userRoute.js
FNF:0
FNH:0
DA:15,4
DA:18,4
DA:19,4
DA:22,4
DA:25,4
DA:26,4
LF:6
LH:6
BRF:0
BRH:0
end_of_record
